2024-12-30 16:18:58,643 - INFO - Starting Data Visualization...
2024-12-30 16:18:58,643 - INFO - Loading cleaned data from Nutrical_Datasetacoutput.csv
2024-12-30 16:18:58,651 - INFO - Data loaded successfully. Number of rows: 260, Columns: 24
2024-12-30 16:18:58,654 - INFO - Creating bar chart for average nutritional content by category...
2024-12-30 16:18:58,658 - ERROR - An error occurred during the Data Visualization process: "Columns not found: 'fat'"
2024-12-30 16:42:45,015 - INFO - Starting Data Visualization...
2024-12-30 16:42:45,019 - INFO - Loading cleaned data from Nutrical_Datasetacoutput.csv
2024-12-30 16:42:45,110 - INFO - Data loaded successfully. Number of rows: 260, Columns: 24
2024-12-30 16:42:45,118 - INFO - Creating bar chart for average nutritional content by category...
2024-12-30 16:42:45,144 - ERROR - An error occurred during the Data Visualization process: "Columns not found: 'fat'"
2024-12-30 16:43:44,565 - INFO - Starting Data Visualization...
2024-12-30 16:43:44,566 - INFO - Loading cleaned data from Nutrical_Datasetacoutput.csv
2024-12-30 16:43:44,576 - INFO - Data loaded successfully. Number of rows: 260, Columns: 24
2024-12-30 16:43:44,577 - INFO - Creating bar chart for average nutritional content by category...
2024-12-30 16:43:49,347 - INFO - Bar chart saved as 'average_nutrition_by_category.png'.
2024-12-30 16:43:49,348 - INFO - Creating histogram for calorie distribution...
2024-12-30 16:43:49,814 - INFO - Histogram saved as 'calorie_distribution.png'.
2024-12-30 16:43:49,815 - INFO - Creating box plots for nutritional content...
2024-12-30 16:43:50,263 - INFO - Box plot for 'calories' saved as 'boxplot_calories_by_category.png'.
2024-12-30 16:43:50,716 - INFO - Box plot for 'total_fat' saved as 'boxplot_total_fat_by_category.png'.
2024-12-30 16:43:51,142 - INFO - Box plot for 'protein' saved as 'boxplot_protein_by_category.png'.
2024-12-30 16:43:51,558 - INFO - Box plot for 'carbohydrates' saved as 'boxplot_carbohydrates_by_category.png'.
2024-12-30 16:43:51,558 - INFO - Creating pair plot for nutritional columns...
2024-12-30 16:43:53,169 - ERROR - An error occurred during the Data Visualization process: 'fat'
